21:38:27 kicad-kle-placer.kle_placer_action 495: Plugin executed with python version: '3.9.14 (main, Sep 19 2022, 05:11:57) [MSC v.1932 64 bit (AMD64)]'
21:38:31 kicad-kle-placer.kle_placer_action 510: User layout: Keyboard(meta=KeyboardMetadata(backcolor='#eeeeee', name='', author='', notes='', background=None, radii='', switchMount='', switchBrand='', switchType='', plate=False, pcb=False), keys=[Key(color='#cccccc', labels=['', '', '', '', '10', '', '', '', '', '', '', ''], text_color=[None, None, None, None, None, None, None, None, None, None, None, None], text_size=[None, None, None, None, None, None, None, None, None, None, None, None], default=KeyDefault(text_color='#000000', text_size=3), x=11.25, y=3.25, width=1.0, height=1.0, x2=0.0, y2=0.0, width2=1.0, height2=1.0, rotation_x=0.0, rotation_y=0.0, rotation_angle=0.0, decal=False, ghost=False, stepped=False, nub=False, profile='', sm='', sb='', st=''), Key(color='#cccccc', labels=['', '', '', '', '11', '', '', '', '', '', '', ''], text_color=[None, None, None, None, None, None, None, None, None, None, None, None], text_size=[None, None, None, None, None, None, None, None, None, None, None, None], default=KeyDefault(text_color='#000000', text_size=3), x=12.75, y=3.25, width=1, height=1, x2=0, y2=0, width2=1, height2=1, rotation_x=0.0, rotation_y=0.0, rotation_angle=0.0, decal=False, ghost=False, stepped=False, nub=False, profile='', sm='', sb='', st=''), Key(color='#cccccc', labels=['', '', '', '', '12', '', '', '', '', '', '', ''], text_color=[None, None, None, None, None, None, None, None, None, None, None, None], text_size=[None, None, None, None, None, None, None, None, None, None, None, None], default=KeyDefault(text_color='#000000', text_size=3), x=14.25, y=3.25, width=1, height=1, x2=0, y2=0, width2=1, height2=1, rotation_x=0.0, rotation_y=0.0, rotation_angle=0.0, decal=False, ghost=False, stepped=False, nub=False, profile='', sm='', sb='', st=''), Key(color='#cccccc', labels=['', '', '', '', '5', '', '', '', '', '', '', ''], text_color=[None, None, None, None, None, None, None, None, None, None, None, None], text_size=[None, None, None, None, None, None, None, None, None, None, None, None], default=KeyDefault(text_color='#000000', text_size=3), x=4.75, y=3.75, width=1, height=1, x2=0, y2=0, width2=1, height2=1, rotation_x=0.0, rotation_y=0.0, rotation_angle=0.0, decal=False, ghost=False, stepped=False, nub=False, profile='', sm='', sb='', st=''), Key(color='#cccccc', labels=['', '', '', '', '6', '', '', '', '', '', '', ''], text_color=[None, None, None, None, None, None, None, None, None, None, None, None], text_size=[None, None, None, None, None, None, None, None, None, None, None, None], default=KeyDefault(text_color='#000000', text_size=3), x=6.25, y=3.75, width=1, height=1, x2=0, y2=0, width2=1, height2=1, rotation_x=0.0, rotation_y=0.0, rotation_angle=0.0, decal=False, ghost=False, stepped=False, nub=False, profile='', sm='', sb='', st=''), Key(color='#cccccc', labels=['', '', '', '', '9', '', '', '', '', '', '', ''], text_color=[None, None, None, None, None, None, None, None, None, None, None, None], text_size=[None, None, None, None, None, None, None, None, None, None, None, None], default=KeyDefault(text_color='#000000', text_size=3), x=9.75, y=3.75, width=1, height=1, x2=0, y2=0, width2=1, height2=1, rotation_x=0.0, rotation_y=0.0, rotation_angle=0.0, decal=False, ghost=False, stepped=False, nub=False, profile='', sm='', sb='', st=''), Key(color='#cccccc', labels=['', '', '', '', '7', '', '', '', '', '', '', ''], text_color=[None, None, None, None, None, None, None, None, None, None, None, None], text_size=[None, None, None, None, None, None, None, None, None, None, None, None], default=KeyDefault(text_color='#000000', text_size=3), x=7.75, y=4.25, width=1, height=1, x2=0, y2=0, width2=1, height2=1, rotation_x=0.0, rotation_y=0.0, rotation_angle=0.0, decal=False, ghost=False, stepped=False, nub=False, profile='', sm='', sb='', st=''), Key(color='#cccccc', labels=['', '', '', '', '14', '', '', '', '', '', '', ''], text_color=[None, None, None, None, None, None, None, None, None, None, None, None], text_size=[None, None, None, None, None, None, None, None, None, None, None, None], default=KeyDefault(text_color='#000000', text_size=3), x=11.0, y=5.0, width=1, height=1, x2=0, y2=0, width2=1, height2=1, rotation_x=0.0, rotation_y=0.0, rotation_angle=0.0, decal=False, ghost=False, stepped=False, nub=False, profile='', sm='', sb='', st=''), Key(color='#cccccc', labels=['', '', '', '', '15', '', '', '', '', '', '', ''], text_color=[None, None, None, None, None, None, None, None, None, None, None, None], text_size=[None, None, None, None, None, None, None, None, None, None, None, None], default=KeyDefault(text_color='#000000', text_size=3), x=12.5, y=5.0, width=1, height=1, x2=0, y2=0, width2=1, height2=1, rotation_x=0.0, rotation_y=0.0, rotation_angle=0.0, decal=False, ghost=False, stepped=False, nub=False, profile='', sm='', sb='', st=''), Key(color='#cccccc', labels=['', '', '', '', '16', '', '', '', '', '', '', ''], text_color=[None, None, None, None, None, None, None, None, None, None, None, None], text_size=[None, None, None, None, None, None, None, None, None, None, None, None], default=KeyDefault(text_color='#000000', text_size=3), x=14.0, y=5.0, width=1, height=1, x2=0, y2=0, width2=1, height2=1, rotation_x=0.0, rotation_y=0.0, rotation_angle=0.0, decal=False, ghost=False, stepped=False, nub=False, profile='', sm='', sb='', st=''), Key(color='#cccccc', labels=['', '', '', '', '13', '', '', '', '', '', '', ''], text_color=[None, None, None, None, None, None, None, None, None, None, None, None], text_size=[None, None, None, None, None, None, None, None, None, None, None, None], default=KeyDefault(text_color='#000000', text_size=3), x=9.5, y=5.5, width=1, height=1, x2=0, y2=0, width2=1, height2=1, rotation_x=0.0, rotation_y=0.0, rotation_angle=0.0, decal=False, ghost=False, stepped=False, nub=False, profile='', sm='', sb='', st=''), Key(color='#cccccc', labels=['', '', '', '', '8', '', '', '', '', '', '', ''], text_color=[None, None, None, None, None, None, None, None, None, None, None, None], text_size=[None, None, None, None, None, None, None, None, None, None, None, None], default=KeyDefault(text_color='#000000', text_size=3), x=8.75, y=7.5, width=1, height=1, x2=0, y2=0, width2=1, height2=1, rotation_x=0.0, rotation_y=0.0, rotation_angle=0.0, decal=False, ghost=False, stepped=False, nub=False, profile='', sm='', sb='', st=''), Key(color='#cccccc', labels=['', '', '', '', '1', '', '', '', '', '', '', ''], text_color=[None, None, None, None, None, None, None, None, None, None, None, None], text_size=[None, None, None, None, None, None, None, None, None, None, None, None], default=KeyDefault(text_color='#000000', text_size=3), x=2.5, y=1.75, width=1, height=1, x2=0, y2=0, width2=1, height2=1, rotation_x=0.0, rotation_y=0.0, rotation_angle=15, decal=False, ghost=False, stepped=False, nub=False, profile='', sm='', sb='', st=''), Key(color='#cccccc', labels=['', '', '', '', '2', '', '', '', '', '', '', ''], text_color=[None, None, None, None, None, None, None, None, None, None, None, None], text_size=[None, None, None, None, None, None, None, None, None, None, None, None], default=KeyDefault(text_color='#000000', text_size=3), x=1.5, y=2.75, width=1, height=1, x2=0, y2=0, width2=1, height2=1, rotation_x=0.0, rotation_y=0.0, rotation_angle=15, decal=False, ghost=False, stepped=False, nub=False, profile='', sm='', sb='', st=''), Key(color='#cccccc', labels=['', '', '', '', '3', '', '', '', '', '', '', ''], text_color=[None, None, None, None, None, None, None, None, None, None, None, None], text_size=[None, None, None, None, None, None, None, None, None, None, None, None], default=KeyDefault(text_color='#000000', text_size=3), x=2.5, y=2.75, width=1, height=1, x2=0, y2=0, width2=1, height2=1, rotation_x=0.0, rotation_y=0.0, rotation_angle=15, decal=False, ghost=False, stepped=False, nub=False, profile='', sm='', sb='', st=''), Key(color='#cccccc', labels=['', '', '', '', '4', '', '', '', '', '', '', ''], text_color=[None, None, None, None, None, None, None, None, None, None, None, None], text_size=[None, None, None, None, None, None, None, None, None, None, None, None], default=KeyDefault(text_color='#000000', text_size=3), x=3.5, y=2.75, width=1, height=1, x2=0, y2=0, width2=1, height2=1, rotation_x=0.0, rotation_y=0.0, rotation_angle=15, decal=False, ghost=False, stepped=False, nub=False, profile='', sm='', sb='', st='')])
21:38:31 kicad-kle-placer.kle_placer_action 179: [Key(color='#cccccc', labels=['', '', '', '', '10', '', '', '', '', '', '', ''], text_color=[None, None, None, None, None, None, None, None, None, None, None, None], text_size=[None, None, None, None, None, None, None, None, None, None, None, None], default=KeyDefault(text_color='#000000', text_size=3), x=11.25, y=3.25, width=1.0, height=1.0, x2=0.0, y2=0.0, width2=1.0, height2=1.0, rotation_x=0.0, rotation_y=0.0, rotation_angle=0.0, decal=False, ghost=False, stepped=False, nub=False, profile='', sm='', sb='', st=''), Key(color='#cccccc', labels=['', '', '', '', '11', '', '', '', '', '', '', ''], text_color=[None, None, None, None, None, None, None, None, None, None, None, None], text_size=[None, None, None, None, None, None, None, None, None, None, None, None], default=KeyDefault(text_color='#000000', text_size=3), x=12.75, y=3.25, width=1, height=1, x2=0, y2=0, width2=1, height2=1, rotation_x=0.0, rotation_y=0.0, rotation_angle=0.0, decal=False, ghost=False, stepped=False, nub=False, profile='', sm='', sb='', st=''), Key(color='#cccccc', labels=['', '', '', '', '12', '', '', '', '', '', '', ''], text_color=[None, None, None, None, None, None, None, None, None, None, None, None], text_size=[None, None, None, None, None, None, None, None, None, None, None, None], default=KeyDefault(text_color='#000000', text_size=3), x=14.25, y=3.25, width=1, height=1, x2=0, y2=0, width2=1, height2=1, rotation_x=0.0, rotation_y=0.0, rotation_angle=0.0, decal=False, ghost=False, stepped=False, nub=False, profile='', sm='', sb='', st=''), Key(color='#cccccc', labels=['', '', '', '', '5', '', '', '', '', '', '', ''], text_color=[None, None, None, None, None, None, None, None, None, None, None, None], text_size=[None, None, None, None, None, None, None, None, None, None, None, None], default=KeyDefault(text_color='#000000', text_size=3), x=4.75, y=3.75, width=1, height=1, x2=0, y2=0, width2=1, height2=1, rotation_x=0.0, rotation_y=0.0, rotation_angle=0.0, decal=False, ghost=False, stepped=False, nub=False, profile='', sm='', sb='', st=''), Key(color='#cccccc', labels=['', '', '', '', '6', '', '', '', '', '', '', ''], text_color=[None, None, None, None, None, None, None, None, None, None, None, None], text_size=[None, None, None, None, None, None, None, None, None, None, None, None], default=KeyDefault(text_color='#000000', text_size=3), x=6.25, y=3.75, width=1, height=1, x2=0, y2=0, width2=1, height2=1, rotation_x=0.0, rotation_y=0.0, rotation_angle=0.0, decal=False, ghost=False, stepped=False, nub=False, profile='', sm='', sb='', st=''), Key(color='#cccccc', labels=['', '', '', '', '9', '', '', '', '', '', '', ''], text_color=[None, None, None, None, None, None, None, None, None, None, None, None], text_size=[None, None, None, None, None, None, None, None, None, None, None, None], default=KeyDefault(text_color='#000000', text_size=3), x=9.75, y=3.75, width=1, height=1, x2=0, y2=0, width2=1, height2=1, rotation_x=0.0, rotation_y=0.0, rotation_angle=0.0, decal=False, ghost=False, stepped=False, nub=False, profile='', sm='', sb='', st=''), Key(color='#cccccc', labels=['', '', '', '', '7', '', '', '', '', '', '', ''], text_color=[None, None, None, None, None, None, None, None, None, None, None, None], text_size=[None, None, None, None, None, None, None, None, None, None, None, None], default=KeyDefault(text_color='#000000', text_size=3), x=7.75, y=4.25, width=1, height=1, x2=0, y2=0, width2=1, height2=1, rotation_x=0.0, rotation_y=0.0, rotation_angle=0.0, decal=False, ghost=False, stepped=False, nub=False, profile='', sm='', sb='', st=''), Key(color='#cccccc', labels=['', '', '', '', '14', '', '', '', '', '', '', ''], text_color=[None, None, None, None, None, None, None, None, None, None, None, None], text_size=[None, None, None, None, None, None, None, None, None, None, None, None], default=KeyDefault(text_color='#000000', text_size=3), x=11.0, y=5.0, width=1, height=1, x2=0, y2=0, width2=1, height2=1, rotation_x=0.0, rotation_y=0.0, rotation_angle=0.0, decal=False, ghost=False, stepped=False, nub=False, profile='', sm='', sb='', st=''), Key(color='#cccccc', labels=['', '', '', '', '15', '', '', '', '', '', '', ''], text_color=[None, None, None, None, None, None, None, None, None, None, None, None], text_size=[None, None, None, None, None, None, None, None, None, None, None, None], default=KeyDefault(text_color='#000000', text_size=3), x=12.5, y=5.0, width=1, height=1, x2=0, y2=0, width2=1, height2=1, rotation_x=0.0, rotation_y=0.0, rotation_angle=0.0, decal=False, ghost=False, stepped=False, nub=False, profile='', sm='', sb='', st=''), Key(color='#cccccc', labels=['', '', '', '', '16', '', '', '', '', '', '', ''], text_color=[None, None, None, None, None, None, None, None, None, None, None, None], text_size=[None, None, None, None, None, None, None, None, None, None, None, None], default=KeyDefault(text_color='#000000', text_size=3), x=14.0, y=5.0, width=1, height=1, x2=0, y2=0, width2=1, height2=1, rotation_x=0.0, rotation_y=0.0, rotation_angle=0.0, decal=False, ghost=False, stepped=False, nub=False, profile='', sm='', sb='', st=''), Key(color='#cccccc', labels=['', '', '', '', '13', '', '', '', '', '', '', ''], text_color=[None, None, None, None, None, None, None, None, None, None, None, None], text_size=[None, None, None, None, None, None, None, None, None, None, None, None], default=KeyDefault(text_color='#000000', text_size=3), x=9.5, y=5.5, width=1, height=1, x2=0, y2=0, width2=1, height2=1, rotation_x=0.0, rotation_y=0.0, rotation_angle=0.0, decal=False, ghost=False, stepped=False, nub=False, profile='', sm='', sb='', st=''), Key(color='#cccccc', labels=['', '', '', '', '8', '', '', '', '', '', '', ''], text_color=[None, None, None, None, None, None, None, None, None, None, None, None], text_size=[None, None, None, None, None, None, None, None, None, None, None, None], default=KeyDefault(text_color='#000000', text_size=3), x=8.75, y=7.5, width=1, height=1, x2=0, y2=0, width2=1, height2=1, rotation_x=0.0, rotation_y=0.0, rotation_angle=0.0, decal=False, ghost=False, stepped=False, nub=False, profile='', sm='', sb='', st=''), Key(color='#cccccc', labels=['', '', '', '', '1', '', '', '', '', '', '', ''], text_color=[None, None, None, None, None, None, None, None, None, None, None, None], text_size=[None, None, None, None, None, None, None, None, None, None, None, None], default=KeyDefault(text_color='#000000', text_size=3), x=2.5, y=1.75, width=1, height=1, x2=0, y2=0, width2=1, height2=1, rotation_x=0.0, rotation_y=0.0, rotation_angle=15, decal=False, ghost=False, stepped=False, nub=False, profile='', sm='', sb='', st=''), Key(color='#cccccc', labels=['', '', '', '', '2', '', '', '', '', '', '', ''], text_color=[None, None, None, None, None, None, None, None, None, None, None, None], text_size=[None, None, None, None, None, None, None, None, None, None, None, None], default=KeyDefault(text_color='#000000', text_size=3), x=1.5, y=2.75, width=1, height=1, x2=0, y2=0, width2=1, height2=1, rotation_x=0.0, rotation_y=0.0, rotation_angle=15, decal=False, ghost=False, stepped=False, nub=False, profile='', sm='', sb='', st=''), Key(color='#cccccc', labels=['', '', '', '', '3', '', '', '', '', '', '', ''], text_color=[None, None, None, None, None, None, None, None, None, None, None, None], text_size=[None, None, None, None, None, None, None, None, None, None, None, None], default=KeyDefault(text_color='#000000', text_size=3), x=2.5, y=2.75, width=1, height=1, x2=0, y2=0, width2=1, height2=1, rotation_x=0.0, rotation_y=0.0, rotation_angle=15, decal=False, ghost=False, stepped=False, nub=False, profile='', sm='', sb='', st=''), Key(color='#cccccc', labels=['', '', '', '', '4', '', '', '', '', '', '', ''], text_color=[None, None, None, None, None, None, None, None, None, None, None, None], text_size=[None, None, None, None, None, None, None, None, None, None, None, None], default=KeyDefault(text_color='#000000', text_size=3), x=3.5, y=2.75, width=1, height=1, x2=0, y2=0, width2=1, height2=1, rotation_x=0.0, rotation_y=0.0, rotation_angle=15, decal=False, ghost=False, stepped=False, nub=False, profile='', sm='', sb='', st='')]
21:38:31 kicad-kle-placer.kle_placer_action 132: Searching for SW1 footprint
21:38:31 kicad-kle-placer.kle_placer_action 346: first_key_pos (144462500, -17462500)
21:38:31 kicad-kle-placer.kle_placer_action 359: default_key_rotation 0.0
21:38:31 kicad-kle-placer.kle_placer_action 132: Searching for D1 footprint
21:38:31 kicad-kle-placer.kle_placer_action 132: Searching for D1 footprint
21:38:31 kicad-kle-placer.kle_placer_action 132: Searching for SW1 footprint
21:38:31 kicad-kle-placer.kle_placer_action 132: Searching for S1 footprint
21:38:31 kicad-kle-placer.kle_placer_action 140: Setting SW1 footprint position: (173037500, -7937500)
21:38:31 kicad-kle-placer.kle_placer_action 140: Setting D1 footprint position: (146208750, 48418750)
21:38:31 kicad-kle-placer.kle_placer_action 148: Rotating D1 footprint: rotationReference: (173037500, -7937500), rotationAngle: 0
21:38:31 kicad-kle-placer.kle_placer_action 460: rotation_reference (115887500, -50800000)
21:38:31 kicad-kle-placer.kle_placer_action 148: Rotating SW1 footprint: rotationReference: (115887500, -50800000), rotationAngle: 15
21:38:31 kicad-kle-placer.kle_placer_action 148: Rotating D1 footprint: rotationReference: (115887500, -50800000), rotationAngle: 15
21:38:31 kicad-kle-placer.kle_placer_action 132: Searching for D2 footprint
21:38:31 kicad-kle-placer.kle_placer_action 132: Searching for SW2 footprint
21:38:31 kicad-kle-placer.kle_placer_action 132: Searching for S2 footprint
21:38:31 kicad-kle-placer.kle_placer_action 140: Setting SW2 footprint position: (153987500, 11112500)
21:38:31 kicad-kle-placer.kle_placer_action 460: rotation_reference (115887500, -50800000)
21:38:31 kicad-kle-placer.kle_placer_action 148: Rotating SW2 footprint: rotationReference: (115887500, -50800000), rotationAngle: 15
21:38:31 kicad-kle-placer.kle_placer_action 132: Searching for D3 footprint
21:38:31 kicad-kle-placer.kle_placer_action 132: Searching for SW3 footprint
21:38:31 kicad-kle-placer.kle_placer_action 132: Searching for S3 footprint
21:38:31 kicad-kle-placer.kle_placer_action 140: Setting SW3 footprint position: (173037500, 11112500)
21:38:31 kicad-kle-placer.kle_placer_action 460: rotation_reference (115887500, -50800000)
21:38:31 kicad-kle-placer.kle_placer_action 148: Rotating SW3 footprint: rotationReference: (115887500, -50800000), rotationAngle: 15
21:38:31 kicad-kle-placer.kle_placer_action 132: Searching for D4 footprint
21:38:31 kicad-kle-placer.kle_placer_action 132: Searching for SW4 footprint
21:38:31 kicad-kle-placer.kle_placer_action 132: Searching for S4 footprint
21:38:31 kicad-kle-placer.kle_placer_action 140: Setting SW4 footprint position: (192087500, 11112500)
21:38:31 kicad-kle-placer.kle_placer_action 460: rotation_reference (115887500, -50800000)
21:38:31 kicad-kle-placer.kle_placer_action 148: Rotating SW4 footprint: rotationReference: (115887500, -50800000), rotationAngle: 15
21:38:31 kicad-kle-placer.kle_placer_action 132: Searching for D5 footprint
21:38:31 kicad-kle-placer.kle_placer_action 132: Searching for SW5 footprint
21:38:31 kicad-kle-placer.kle_placer_action 132: Searching for S5 footprint
21:38:31 kicad-kle-placer.kle_placer_action 140: Setting SW5 footprint position: (215900000, 30162500)
21:38:31 kicad-kle-placer.kle_placer_action 132: Searching for D6 footprint
21:38:31 kicad-kle-placer.kle_placer_action 132: Searching for SW6 footprint
21:38:31 kicad-kle-placer.kle_placer_action 132: Searching for S6 footprint
21:38:31 kicad-kle-placer.kle_placer_action 140: Setting SW6 footprint position: (244475000, 30162500)
21:38:31 kicad-kle-placer.kle_placer_action 132: Searching for D7 footprint
21:38:31 kicad-kle-placer.kle_placer_action 132: Searching for SW7 footprint
21:38:31 kicad-kle-placer.kle_placer_action 132: Searching for S7 footprint
21:38:31 kicad-kle-placer.kle_placer_action 140: Setting SW7 footprint position: (273050000, 39687500)
21:38:31 kicad-kle-placer.kle_placer_action 132: Searching for D8 footprint
21:38:31 kicad-kle-placer.kle_placer_action 132: Searching for SW8 footprint
21:38:31 kicad-kle-placer.kle_placer_action 132: Searching for S8 footprint
21:38:31 kicad-kle-placer.kle_placer_action 140: Setting SW8 footprint position: (292100000, 101600000)
21:38:31 kicad-kle-placer.kle_placer_action 132: Searching for D9 footprint
21:38:31 kicad-kle-placer.kle_placer_action 132: Searching for SW9 footprint
21:38:31 kicad-kle-placer.kle_placer_action 132: Searching for S9 footprint
21:38:31 kicad-kle-placer.kle_placer_action 140: Setting SW9 footprint position: (311150000, 30162500)
21:38:31 kicad-kle-placer.kle_placer_action 132: Searching for D10 footprint
21:38:31 kicad-kle-placer.kle_placer_action 132: Searching for SW10 footprint
21:38:31 kicad-kle-placer.kle_placer_action 132: Searching for S10 footprint
21:38:31 kicad-kle-placer.kle_placer_action 140: Setting SW10 footprint position: (339725000, 20637500)
21:38:31 kicad-kle-placer.kle_placer_action 132: Searching for D11 footprint
21:38:31 kicad-kle-placer.kle_placer_action 132: Searching for SW11 footprint
21:38:31 kicad-kle-placer.kle_placer_action 132: Searching for S11 footprint
21:38:31 kicad-kle-placer.kle_placer_action 140: Setting SW11 footprint position: (368300000, 20637500)
21:38:31 kicad-kle-placer.kle_placer_action 132: Searching for D12 footprint
21:38:31 kicad-kle-placer.kle_placer_action 132: Searching for SW12 footprint
21:38:31 kicad-kle-placer.kle_placer_action 132: Searching for S12 footprint
21:38:31 kicad-kle-placer.kle_placer_action 140: Setting SW12 footprint position: (396875000, 20637500)
21:38:31 kicad-kle-placer.kle_placer_action 132: Searching for D13 footprint
21:38:31 kicad-kle-placer.kle_placer_action 132: Searching for SW13 footprint
21:38:31 kicad-kle-placer.kle_placer_action 132: Searching for S13 footprint
21:38:31 kicad-kle-placer.kle_placer_action 140: Setting SW13 footprint position: (306387500, 63500000)
21:38:31 kicad-kle-placer.kle_placer_action 132: Searching for D14 footprint
21:38:31 kicad-kle-placer.kle_placer_action 132: Searching for SW14 footprint
21:38:31 kicad-kle-placer.kle_placer_action 132: Searching for S14 footprint
21:38:31 kicad-kle-placer.kle_placer_action 140: Setting SW14 footprint position: (334962500, 53975000)
21:38:31 kicad-kle-placer.kle_placer_action 132: Searching for D15 footprint
21:38:31 kicad-kle-placer.kle_placer_action 132: Searching for SW15 footprint
21:38:31 kicad-kle-placer.kle_placer_action 132: Searching for S15 footprint
21:38:31 kicad-kle-placer.kle_placer_action 140: Setting SW15 footprint position: (363537500, 53975000)
21:38:31 kicad-kle-placer.kle_placer_action 132: Searching for D16 footprint
21:38:31 kicad-kle-placer.kle_placer_action 132: Searching for SW16 footprint
21:38:31 kicad-kle-placer.kle_placer_action 132: Searching for S16 footprint
21:38:31 kicad-kle-placer.kle_placer_action 140: Setting SW16 footprint position: (392112500, 53975000)
